[16-Jul-2018 16:43:48 Asia/Taipei] PHP Notice:  Undefined index: inputName in D:\TWAMP\htdocs\final\login.php on line 3
[16-Jul-2018 16:47:47 Asia/Taipei] PHP Notice:  Undefined index: inputName in D:\TWAMP\htdocs\final\login.php on line 3
[16-Jul-2018 16:47:58 Asia/Taipei] PHP Notice:  Undefined index: getTitle in D:\TWAMP\htdocs\final\contextview.php on line 20
[16-Jul-2018 16:52:47 Asia/Taipei] PHP Notice:  Undefined index: inputName in D:\TWAMP\htdocs\final\login.php on line 3
[16-Jul-2018 16:56:43 Asia/Taipei] PHP Notice:  Undefined index: inputName in D:\TWAMP\htdocs\final\login.php on line 4
[16-Jul-2018 16:56:56 Asia/Taipei] PHP Notice:  Undefined index: getTitle in D:\TWAMP\htdocs\final\contextview.php on line 20
[16-Jul-2018 16:58:38 Asia/Taipei] PHP Notice:  Undefined index: inputName in D:\TWAMP\htdocs\final\login.php on line 4
[16-Jul-2018 17:00:55 Asia/Taipei] PHP Notice:  Undefined index: inputName in D:\TWAMP\htdocs\final\login.php on line 4
[16-Jul-2018 17:01:36 Asia/Taipei] PHP Notice:  Undefined index: inputName in D:\TWAMP\htdocs\final\login.php on line 4
[16-Jul-2018 17:01:36 Asia/Taipei] PHP Notice:  Undefined index: inputName in D:\TWAMP\htdocs\final\login.php on line 10
[16-Jul-2018 17:02:44 Asia/Taipei] PHP Notice:  Undefined index: inputName in D:\TWAMP\htdocs\final\login.php on line 4
[16-Jul-2018 17:02:44 Asia/Taipei] PHP Notice:  Undefined index: inputName in D:\TWAMP\htdocs\final\login.php on line 11
[16-Jul-2018 17:03:12 Asia/Taipei] PHP Notice:  Undefined index: inputName in D:\TWAMP\htdocs\final\login.php on line 4
[16-Jul-2018 17:03:12 Asia/Taipei] PHP Notice:  Undefined index: inputName in D:\TWAMP\htdocs\final\login.php on line 12
[16-Jul-2018 17:05:08 Asia/Taipei] PHP Notice:  Undefined index: inputName in D:\TWAMP\htdocs\final\login.php on line 4
[16-Jul-2018 17:05:39 Asia/Taipei] PHP Notice:  Undefined index: inputName in D:\TWAMP\htdocs\final\login.php on line 4
[16-Jul-2018 17:05:56 Asia/Taipei] PHP Notice:  Undefined index: inputName in D:\TWAMP\htdocs\final\login.php on line 4
[16-Jul-2018 17:08:43 Asia/Taipei] PHP Recoverable fatal error:  Object of class mysqli_result could not be converted to string in D:\TWAMP\htdocs\final\login.php on line 13
[16-Jul-2018 17:09:26 Asia/Taipei] PHP Recoverable fatal error:  Object of class mysqli_result could not be converted to string in D:\TWAMP\htdocs\final\login.php on line 16
[16-Jul-2018 17:12:42 Asia/Taipei] PHP Recoverable fatal error:  Object of class mysqli_result could not be converted to string in D:\TWAMP\htdocs\final\login.php on line 17
[16-Jul-2018 17:14:25 Asia/Taipei] PHP Parse error:  syntax error, unexpected 'echo' (T_ECHO) in D:\TWAMP\htdocs\final\login.php on line 21
[16-Jul-2018 17:14:28 Asia/Taipei] PHP Parse error:  syntax error, unexpected 'echo' (T_ECHO) in D:\TWAMP\htdocs\final\login.php on line 21
[16-Jul-2018 17:14:55 Asia/Taipei] PHP Parse error:  syntax error, unexpected 'echo' (T_ECHO) in D:\TWAMP\htdocs\final\login.php on line 20
[16-Jul-2018 17:15:34 Asia/Taipei] PHP Parse error:  syntax error, unexpected 'echo' (T_ECHO) in D:\TWAMP\htdocs\final\login.php on line 20
[16-Jul-2018 17:15:36 Asia/Taipei] PHP Parse error:  syntax error, unexpected 'echo' (T_ECHO) in D:\TWAMP\htdocs\final\login.php on line 20
[16-Jul-2018 17:15:36 Asia/Taipei] PHP Parse error:  syntax error, unexpected 'echo' (T_ECHO) in D:\TWAMP\htdocs\final\login.php on line 20
[16-Jul-2018 17:15:36 Asia/Taipei] PHP Parse error:  syntax error, unexpected 'echo' (T_ECHO) in D:\TWAMP\htdocs\final\login.php on line 20
[16-Jul-2018 17:15:36 Asia/Taipei] PHP Parse error:  syntax error, unexpected 'echo' (T_ECHO) in D:\TWAMP\htdocs\final\login.php on line 20
[16-Jul-2018 17:15:37 Asia/Taipei] PHP Parse error:  syntax error, unexpected 'echo' (T_ECHO) in D:\TWAMP\htdocs\final\login.php on line 20
[16-Jul-2018 17:15:37 Asia/Taipei] PHP Parse error:  syntax error, unexpected 'echo' (T_ECHO) in D:\TWAMP\htdocs\final\login.php on line 20
[16-Jul-2018 17:15:37 Asia/Taipei] PHP Parse error:  syntax error, unexpected 'echo' (T_ECHO) in D:\TWAMP\htdocs\final\login.php on line 20
[16-Jul-2018 17:16:29 Asia/Taipei] PHP Parse error:  syntax error, unexpected 'echo' (T_ECHO) in D:\TWAMP\htdocs\final\login.php on line 20
[16-Jul-2018 17:18:34 Asia/Taipei] PHP Notice:  Undefined index: getTitle in D:\TWAMP\htdocs\final\contextview.php on line 20
[16-Jul-2018 17:20:24 Asia/Taipei] PHP Parse error:  syntax error, unexpected '<', expecting end of file in D:\TWAMP\htdocs\final\contextview.php on line 28
[16-Jul-2018 17:20:35 Asia/Taipei] PHP Notice:  Undefined index: getTitle in D:\TWAMP\htdocs\final\contextview.php on line 20
[16-Jul-2018 17:20:35 Asia/Taipei] PHP Notice:  Undefined variable: _SESSION in D:\TWAMP\htdocs\final\contextview.php on line 27
[16-Jul-2018 17:20:55 Asia/Taipei] PHP Notice:  Undefined index: getTitle in D:\TWAMP\htdocs\final\contextview.php on line 20
[16-Jul-2018 17:20:55 Asia/Taipei] PHP Notice:  Undefined variable: _SESSION in D:\TWAMP\htdocs\final\contextview.php on line 27
[16-Jul-2018 17:20:55 Asia/Taipei] PHP Warning:  A non-numeric value encountered in D:\TWAMP\htdocs\final\contextview.php on line 27
[16-Jul-2018 17:21:27 Asia/Taipei] PHP Notice:  Undefined index: getTitle in D:\TWAMP\htdocs\final\contextview.php on line 21
[16-Jul-2018 17:21:29 Asia/Taipei] PHP Notice:  Undefined index: getTitle in D:\TWAMP\htdocs\final\contextview.php on line 21
[16-Jul-2018 17:21:44 Asia/Taipei] PHP Notice:  Undefined index: getTitle in D:\TWAMP\htdocs\final\contextview.php on line 21
[16-Jul-2018 17:21:46 Asia/Taipei] PHP Notice:  Undefined index: getTitle in D:\TWAMP\htdocs\final\contextview.php on line 21
[16-Jul-2018 17:21:54 Asia/Taipei] PHP Notice:  Undefined index: getTitle in D:\TWAMP\htdocs\final\contextview.php on line 21
[16-Jul-2018 17:22:02 Asia/Taipei] PHP Notice:  Undefined index: getTitle in D:\TWAMP\htdocs\final\contextview.php on line 21
[27-Jul-2018 23:34:28 Asia/Taipei] PHP Warning:  mysqli_fetch_assoc() expects parameter 1 to be mysqli_result, boolean given in D:\TWAMP\htdocs\final\modify.php on line 9
[27-Jul-2018 23:37:58 Asia/Taipei] PHP Warning:  mysqli_fetch_assoc() expects parameter 1 to be mysqli_result, boolean given in D:\TWAMP\htdocs\final\modify.php on line 9
[27-Jul-2018 23:39:34 Asia/Taipei] PHP Warning:  mysqli_fetch_assoc() expects parameter 1 to be mysqli_result, boolean given in D:\TWAMP\htdocs\final\modify.php on line 9
[27-Jul-2018 23:40:07 Asia/Taipei] PHP Warning:  mysqli_fetch_assoc() expects parameter 1 to be mysqli_result, boolean given in D:\TWAMP\htdocs\final\modify.php on line 9
[27-Jul-2018 23:40:08 Asia/Taipei] PHP Warning:  mysqli_fetch_assoc() expects parameter 1 to be mysqli_result, boolean given in D:\TWAMP\htdocs\final\modify.php on line 9
[27-Jul-2018 23:40:08 Asia/Taipei] PHP Warning:  mysqli_fetch_assoc() expects parameter 1 to be mysqli_result, boolean given in D:\TWAMP\htdocs\final\modify.php on line 9
[27-Jul-2018 23:40:11 Asia/Taipei] PHP Warning:  mysqli_fetch_assoc() expects parameter 1 to be mysqli_result, boolean given in D:\TWAMP\htdocs\final\modify.php on line 9
[27-Jul-2018 23:41:10 Asia/Taipei] PHP Warning:  mysqli_fetch_assoc() expects parameter 1 to be mysqli_result, boolean given in D:\TWAMP\htdocs\final\modify.php on line 9
[27-Jul-2018 23:41:12 Asia/Taipei] PHP Warning:  mysqli_fetch_assoc() expects parameter 1 to be mysqli_result, boolean given in D:\TWAMP\htdocs\final\modify.php on line 9
[27-Jul-2018 23:49:59 Asia/Taipei] PHP Parse error:  syntax error, unexpected 'else' (T_ELSE), expecting end of file in D:\TWAMP\htdocs\final\account_modify.php on line 10
[27-Jul-2018 23:51:17 Asia/Taipei] PHP Parse error:  syntax error, unexpected 'else' (T_ELSE), expecting end of file in D:\TWAMP\htdocs\final\account_modify.php on line 10
[27-Jul-2018 23:52:40 Asia/Taipei] PHP Parse error:  syntax error, unexpected 'else' (T_ELSE), expecting end of file in D:\TWAMP\htdocs\final\account_modify.php on line 10
[28-Jul-2018 14:54:29 Asia/Taipei] PHP Notice:  Undefined index: inputSex in D:\TWAMP\htdocs\final\account_modify.php on line 7
[28-Jul-2018 14:55:29 Asia/Taipei] PHP Notice:  Undefined index: inputSex in D:\TWAMP\htdocs\final\account_modify.php on line 7
[28-Jul-2018 15:03:24 Asia/Taipei] PHP Notice:  Undefined index: inputName in D:\TWAMP\htdocs\final\modify.php on line 12
[28-Jul-2018 15:03:24 Asia/Taipei] PHP Notice:  Undefined index: inputEmail in D:\TWAMP\htdocs\final\modify.php on line 13
[28-Jul-2018 15:03:24 Asia/Taipei] PHP Notice:  Undefined index: inputPassword in D:\TWAMP\htdocs\final\modify.php on line 14
[28-Jul-2018 15:03:24 Asia/Taipei] PHP Notice:  Undefined index: inputBirth in D:\TWAMP\htdocs\final\modify.php on line 15
[28-Jul-2018 15:03:24 Asia/Taipei] PHP Notice:  Undefined index: inputSex in D:\TWAMP\htdocs\final\modify.php on line 16
[28-Jul-2018 15:03:24 Asia/Taipei] PHP Notice:  Undefined variable: conn in D:\TWAMP\htdocs\final\modify.php on line 18
[28-Jul-2018 15:03:24 Asia/Taipei] PHP Warning:  mysqli_query() expects parameter 1 to be mysqli, null given in D:\TWAMP\htdocs\final\modify.php on line 18
[28-Jul-2018 15:03:24 Asia/Taipei] PHP Warning:  mysqli_num_rows() expects parameter 1 to be mysqli_result, null given in D:\TWAMP\htdocs\final\modify.php on line 19
[28-Jul-2018 15:03:24 Asia/Taipei] PHP Notice:  Undefined variable: conn in D:\TWAMP\htdocs\final\modify.php on line 21
[28-Jul-2018 15:03:24 Asia/Taipei] PHP Warning:  mysqli_query() expects parameter 1 to be mysqli, null given in D:\TWAMP\htdocs\final\modify.php on line 21
[28-Jul-2018 15:05:57 Asia/Taipei] PHP Notice:  Undefined index: inputName in D:\TWAMP\htdocs\final\modify.php on line 12
[28-Jul-2018 15:05:57 Asia/Taipei] PHP Notice:  Undefined index: inputEmail in D:\TWAMP\htdocs\final\modify.php on line 13
[28-Jul-2018 15:05:57 Asia/Taipei] PHP Notice:  Undefined index: inputPassword in D:\TWAMP\htdocs\final\modify.php on line 14
[28-Jul-2018 15:05:57 Asia/Taipei] PHP Notice:  Undefined index: inputBirth in D:\TWAMP\htdocs\final\modify.php on line 15
[28-Jul-2018 15:05:57 Asia/Taipei] PHP Notice:  Undefined index: inputSex in D:\TWAMP\htdocs\final\modify.php on line 16
[28-Jul-2018 15:05:57 Asia/Taipei] PHP Notice:  Undefined variable: conn in D:\TWAMP\htdocs\final\modify.php on line 18
[28-Jul-2018 15:05:57 Asia/Taipei] PHP Warning:  mysqli_query() expects parameter 1 to be mysqli, null given in D:\TWAMP\htdocs\final\modify.php on line 18
[28-Jul-2018 15:05:57 Asia/Taipei] PHP Warning:  mysqli_num_rows() expects parameter 1 to be mysqli_result, null given in D:\TWAMP\htdocs\final\modify.php on line 19
[28-Jul-2018 15:05:57 Asia/Taipei] PHP Notice:  Undefined variable: conn in D:\TWAMP\htdocs\final\modify.php on line 21
[28-Jul-2018 15:05:57 Asia/Taipei] PHP Warning:  mysqli_query() expects parameter 1 to be mysqli, null given in D:\TWAMP\htdocs\final\modify.php on line 21
[28-Jul-2018 15:05:59 Asia/Taipei] PHP Notice:  Undefined index: inputName in D:\TWAMP\htdocs\final\modify.php on line 12
[28-Jul-2018 15:05:59 Asia/Taipei] PHP Notice:  Undefined index: inputEmail in D:\TWAMP\htdocs\final\modify.php on line 13
[28-Jul-2018 15:05:59 Asia/Taipei] PHP Notice:  Undefined index: inputPassword in D:\TWAMP\htdocs\final\modify.php on line 14
[28-Jul-2018 15:05:59 Asia/Taipei] PHP Notice:  Undefined index: inputBirth in D:\TWAMP\htdocs\final\modify.php on line 15
[28-Jul-2018 15:05:59 Asia/Taipei] PHP Notice:  Undefined index: inputSex in D:\TWAMP\htdocs\final\modify.php on line 16
[28-Jul-2018 15:05:59 Asia/Taipei] PHP Notice:  Undefined variable: conn in D:\TWAMP\htdocs\final\modify.php on line 18
[28-Jul-2018 15:05:59 Asia/Taipei] PHP Warning:  mysqli_query() expects parameter 1 to be mysqli, null given in D:\TWAMP\htdocs\final\modify.php on line 18
[28-Jul-2018 15:05:59 Asia/Taipei] PHP Warning:  mysqli_num_rows() expects parameter 1 to be mysqli_result, null given in D:\TWAMP\htdocs\final\modify.php on line 19
[28-Jul-2018 15:05:59 Asia/Taipei] PHP Notice:  Undefined variable: conn in D:\TWAMP\htdocs\final\modify.php on line 21
[28-Jul-2018 15:05:59 Asia/Taipei] PHP Warning:  mysqli_query() expects parameter 1 to be mysqli, null given in D:\TWAMP\htdocs\final\modify.php on line 21
[28-Jul-2018 15:06:01 Asia/Taipei] PHP Notice:  Undefined index: inputName in D:\TWAMP\htdocs\final\modify.php on line 12
[28-Jul-2018 15:06:01 Asia/Taipei] PHP Notice:  Undefined index: inputEmail in D:\TWAMP\htdocs\final\modify.php on line 13
[28-Jul-2018 15:06:01 Asia/Taipei] PHP Notice:  Undefined index: inputPassword in D:\TWAMP\htdocs\final\modify.php on line 14
[28-Jul-2018 15:06:01 Asia/Taipei] PHP Notice:  Undefined index: inputBirth in D:\TWAMP\htdocs\final\modify.php on line 15
[28-Jul-2018 15:06:01 Asia/Taipei] PHP Notice:  Undefined index: inputSex in D:\TWAMP\htdocs\final\modify.php on line 16
[28-Jul-2018 15:06:01 Asia/Taipei] PHP Notice:  Undefined variable: conn in D:\TWAMP\htdocs\final\modify.php on line 18
[28-Jul-2018 15:06:01 Asia/Taipei] PHP Warning:  mysqli_query() expects parameter 1 to be mysqli, null given in D:\TWAMP\htdocs\final\modify.php on line 18
[28-Jul-2018 15:06:01 Asia/Taipei] PHP Warning:  mysqli_num_rows() expects parameter 1 to be mysqli_result, null given in D:\TWAMP\htdocs\final\modify.php on line 19
[28-Jul-2018 15:06:01 Asia/Taipei] PHP Notice:  Undefined variable: conn in D:\TWAMP\htdocs\final\modify.php on line 21
[28-Jul-2018 15:06:01 Asia/Taipei] PHP Warning:  mysqli_query() expects parameter 1 to be mysqli, null given in D:\TWAMP\htdocs\final\modify.php on line 21
[28-Jul-2018 15:06:01 Asia/Taipei] PHP Notice:  Undefined index: inputName in D:\TWAMP\htdocs\final\modify.php on line 12
[28-Jul-2018 15:06:01 Asia/Taipei] PHP Notice:  Undefined index: inputEmail in D:\TWAMP\htdocs\final\modify.php on line 13
[28-Jul-2018 15:06:01 Asia/Taipei] PHP Notice:  Undefined index: inputPassword in D:\TWAMP\htdocs\final\modify.php on line 14
[28-Jul-2018 15:06:01 Asia/Taipei] PHP Notice:  Undefined index: inputBirth in D:\TWAMP\htdocs\final\modify.php on line 15
[28-Jul-2018 15:06:01 Asia/Taipei] PHP Notice:  Undefined index: inputSex in D:\TWAMP\htdocs\final\modify.php on line 16
[28-Jul-2018 15:06:01 Asia/Taipei] PHP Notice:  Undefined variable: conn in D:\TWAMP\htdocs\final\modify.php on line 18
[28-Jul-2018 15:06:01 Asia/Taipei] PHP Warning:  mysqli_query() expects parameter 1 to be mysqli, null given in D:\TWAMP\htdocs\final\modify.php on line 18
[28-Jul-2018 15:06:01 Asia/Taipei] PHP Warning:  mysqli_num_rows() expects parameter 1 to be mysqli_result, null given in D:\TWAMP\htdocs\final\modify.php on line 19
[28-Jul-2018 15:06:01 Asia/Taipei] PHP Notice:  Undefined variable: conn in D:\TWAMP\htdocs\final\modify.php on line 21
[28-Jul-2018 15:06:01 Asia/Taipei] PHP Warning:  mysqli_query() expects parameter 1 to be mysqli, null given in D:\TWAMP\htdocs\final\modify.php on line 21
[28-Jul-2018 15:06:02 Asia/Taipei] PHP Notice:  Undefined index: inputName in D:\TWAMP\htdocs\final\modify.php on line 12
[28-Jul-2018 15:06:02 Asia/Taipei] PHP Notice:  Undefined index: inputEmail in D:\TWAMP\htdocs\final\modify.php on line 13
[28-Jul-2018 15:06:02 Asia/Taipei] PHP Notice:  Undefined index: inputPassword in D:\TWAMP\htdocs\final\modify.php on line 14
[28-Jul-2018 15:06:02 Asia/Taipei] PHP Notice:  Undefined index: inputBirth in D:\TWAMP\htdocs\final\modify.php on line 15
[28-Jul-2018 15:06:02 Asia/Taipei] PHP Notice:  Undefined index: inputSex in D:\TWAMP\htdocs\final\modify.php on line 16
[28-Jul-2018 15:06:02 Asia/Taipei] PHP Notice:  Undefined variable: conn in D:\TWAMP\htdocs\final\modify.php on line 18
[28-Jul-2018 15:06:02 Asia/Taipei] PHP Warning:  mysqli_query() expects parameter 1 to be mysqli, null given in D:\TWAMP\htdocs\final\modify.php on line 18
[28-Jul-2018 15:06:02 Asia/Taipei] PHP Warning:  mysqli_num_rows() expects parameter 1 to be mysqli_result, null given in D:\TWAMP\htdocs\final\modify.php on line 19
[28-Jul-2018 15:06:02 Asia/Taipei] PHP Notice:  Undefined variable: conn in D:\TWAMP\htdocs\final\modify.php on line 21
[28-Jul-2018 15:06:02 Asia/Taipei] PHP Warning:  mysqli_query() expects parameter 1 to be mysqli, null given in D:\TWAMP\htdocs\final\modify.php on line 21
[28-Jul-2018 15:06:02 Asia/Taipei] PHP Notice:  Undefined index: inputName in D:\TWAMP\htdocs\final\modify.php on line 12
[28-Jul-2018 15:06:02 Asia/Taipei] PHP Notice:  Undefined index: inputEmail in D:\TWAMP\htdocs\final\modify.php on line 13
[28-Jul-2018 15:06:02 Asia/Taipei] PHP Notice:  Undefined index: inputPassword in D:\TWAMP\htdocs\final\modify.php on line 14
[28-Jul-2018 15:06:02 Asia/Taipei] PHP Notice:  Undefined index: inputBirth in D:\TWAMP\htdocs\final\modify.php on line 15
[28-Jul-2018 15:06:02 Asia/Taipei] PHP Notice:  Undefined index: inputSex in D:\TWAMP\htdocs\final\modify.php on line 16
[28-Jul-2018 15:06:02 Asia/Taipei] PHP Notice:  Undefined variable: conn in D:\TWAMP\htdocs\final\modify.php on line 18
[28-Jul-2018 15:06:02 Asia/Taipei] PHP Warning:  mysqli_query() expects parameter 1 to be mysqli, null given in D:\TWAMP\htdocs\final\modify.php on line 18
[28-Jul-2018 15:06:02 Asia/Taipei] PHP Warning:  mysqli_num_rows() expects parameter 1 to be mysqli_result, null given in D:\TWAMP\htdocs\final\modify.php on line 19
[28-Jul-2018 15:06:02 Asia/Taipei] PHP Notice:  Undefined variable: conn in D:\TWAMP\htdocs\final\modify.php on line 21
[28-Jul-2018 15:06:02 Asia/Taipei] PHP Warning:  mysqli_query() expects parameter 1 to be mysqli, null given in D:\TWAMP\htdocs\final\modify.php on line 21
[28-Jul-2018 15:06:02 Asia/Taipei] PHP Notice:  Undefined index: inputName in D:\TWAMP\htdocs\final\modify.php on line 12
[28-Jul-2018 15:06:02 Asia/Taipei] PHP Notice:  Undefined index: inputEmail in D:\TWAMP\htdocs\final\modify.php on line 13
[28-Jul-2018 15:06:02 Asia/Taipei] PHP Notice:  Undefined index: inputPassword in D:\TWAMP\htdocs\final\modify.php on line 14
[28-Jul-2018 15:06:02 Asia/Taipei] PHP Notice:  Undefined index: inputBirth in D:\TWAMP\htdocs\final\modify.php on line 15
[28-Jul-2018 15:06:02 Asia/Taipei] PHP Notice:  Undefined index: inputSex in D:\TWAMP\htdocs\final\modify.php on line 16
[28-Jul-2018 15:06:02 Asia/Taipei] PHP Notice:  Undefined variable: conn in D:\TWAMP\htdocs\final\modify.php on line 18
[28-Jul-2018 15:06:02 Asia/Taipei] PHP Warning:  mysqli_query() expects parameter 1 to be mysqli, null given in D:\TWAMP\htdocs\final\modify.php on line 18
[28-Jul-2018 15:06:02 Asia/Taipei] PHP Warning:  mysqli_num_rows() expects parameter 1 to be mysqli_result, null given in D:\TWAMP\htdocs\final\modify.php on line 19
[28-Jul-2018 15:06:02 Asia/Taipei] PHP Notice:  Undefined variable: conn in D:\TWAMP\htdocs\final\modify.php on line 21
[28-Jul-2018 15:06:02 Asia/Taipei] PHP Warning:  mysqli_query() expects parameter 1 to be mysqli, null given in D:\TWAMP\htdocs\final\modify.php on line 21
[28-Jul-2018 15:06:03 Asia/Taipei] PHP Notice:  Undefined index: inputName in D:\TWAMP\htdocs\final\modify.php on line 12
[28-Jul-2018 15:06:03 Asia/Taipei] PHP Notice:  Undefined index: inputEmail in D:\TWAMP\htdocs\final\modify.php on line 13
[28-Jul-2018 15:06:03 Asia/Taipei] PHP Notice:  Undefined index: inputPassword in D:\TWAMP\htdocs\final\modify.php on line 14
[28-Jul-2018 15:06:03 Asia/Taipei] PHP Notice:  Undefined index: inputBirth in D:\TWAMP\htdocs\final\modify.php on line 15
[28-Jul-2018 15:06:03 Asia/Taipei] PHP Notice:  Undefined index: inputSex in D:\TWAMP\htdocs\final\modify.php on line 16
[28-Jul-2018 15:06:03 Asia/Taipei] PHP Notice:  Undefined variable: conn in D:\TWAMP\htdocs\final\modify.php on line 18
[28-Jul-2018 15:06:03 Asia/Taipei] PHP Warning:  mysqli_query() expects parameter 1 to be mysqli, null given in D:\TWAMP\htdocs\final\modify.php on line 18
[28-Jul-2018 15:06:03 Asia/Taipei] PHP Warning:  mysqli_num_rows() expects parameter 1 to be mysqli_result, null given in D:\TWAMP\htdocs\final\modify.php on line 19
[28-Jul-2018 15:06:03 Asia/Taipei] PHP Notice:  Undefined variable: conn in D:\TWAMP\htdocs\final\modify.php on line 21
[28-Jul-2018 15:06:03 Asia/Taipei] PHP Warning:  mysqli_query() expects parameter 1 to be mysqli, null given in D:\TWAMP\htdocs\final\modify.php on line 21
[28-Jul-2018 15:06:06 Asia/Taipei] PHP Notice:  Undefined index: inputName in D:\TWAMP\htdocs\final\modify.php on line 12
[28-Jul-2018 15:06:06 Asia/Taipei] PHP Notice:  Undefined index: inputEmail in D:\TWAMP\htdocs\final\modify.php on line 13
[28-Jul-2018 15:06:06 Asia/Taipei] PHP Notice:  Undefined index: inputPassword in D:\TWAMP\htdocs\final\modify.php on line 14
[28-Jul-2018 15:06:06 Asia/Taipei] PHP Notice:  Undefined index: inputBirth in D:\TWAMP\htdocs\final\modify.php on line 15
[28-Jul-2018 15:06:06 Asia/Taipei] PHP Notice:  Undefined index: inputSex in D:\TWAMP\htdocs\final\modify.php on line 16
[28-Jul-2018 15:06:06 Asia/Taipei] PHP Notice:  Undefined variable: conn in D:\TWAMP\htdocs\final\modify.php on line 18
[28-Jul-2018 15:06:06 Asia/Taipei] PHP Warning:  mysqli_query() expects parameter 1 to be mysqli, null given in D:\TWAMP\htdocs\final\modify.php on line 18
[28-Jul-2018 15:06:06 Asia/Taipei] PHP Warning:  mysqli_num_rows() expects parameter 1 to be mysqli_result, null given in D:\TWAMP\htdocs\final\modify.php on line 19
[28-Jul-2018 15:06:06 Asia/Taipei] PHP Notice:  Undefined variable: conn in D:\TWAMP\htdocs\final\modify.php on line 21
[28-Jul-2018 15:06:06 Asia/Taipei] PHP Warning:  mysqli_query() expects parameter 1 to be mysqli, null given in D:\TWAMP\htdocs\final\modify.php on line 21
[28-Jul-2018 15:06:14 Asia/Taipei] PHP Notice:  Undefined index: inputName in D:\TWAMP\htdocs\final\modify.php on line 12
[28-Jul-2018 15:06:14 Asia/Taipei] PHP Notice:  Undefined index: inputEmail in D:\TWAMP\htdocs\final\modify.php on line 13
[28-Jul-2018 15:06:14 Asia/Taipei] PHP Notice:  Undefined index: inputPassword in D:\TWAMP\htdocs\final\modify.php on line 14
[28-Jul-2018 15:06:14 Asia/Taipei] PHP Notice:  Undefined index: inputBirth in D:\TWAMP\htdocs\final\modify.php on line 15
[28-Jul-2018 15:06:14 Asia/Taipei] PHP Notice:  Undefined index: inputSex in D:\TWAMP\htdocs\final\modify.php on line 16
[28-Jul-2018 15:06:14 Asia/Taipei] PHP Notice:  Undefined variable: conn in D:\TWAMP\htdocs\final\modify.php on line 18
[28-Jul-2018 15:06:14 Asia/Taipei] PHP Warning:  mysqli_query() expects parameter 1 to be mysqli, null given in D:\TWAMP\htdocs\final\modify.php on line 18
[28-Jul-2018 15:06:14 Asia/Taipei] PHP Warning:  mysqli_num_rows() expects parameter 1 to be mysqli_result, null given in D:\TWAMP\htdocs\final\modify.php on line 19
[28-Jul-2018 15:06:14 Asia/Taipei] PHP Notice:  Undefined variable: conn in D:\TWAMP\htdocs\final\modify.php on line 21
[28-Jul-2018 15:06:14 Asia/Taipei] PHP Warning:  mysqli_query() expects parameter 1 to be mysqli, null given in D:\TWAMP\htdocs\final\modify.php on line 21
[28-Jul-2018 15:06:14 Asia/Taipei] PHP Notice:  Undefined index: inputName in D:\TWAMP\htdocs\final\modify.php on line 12
[28-Jul-2018 15:06:14 Asia/Taipei] PHP Notice:  Undefined index: inputEmail in D:\TWAMP\htdocs\final\modify.php on line 13
[28-Jul-2018 15:06:14 Asia/Taipei] PHP Notice:  Undefined index: inputPassword in D:\TWAMP\htdocs\final\modify.php on line 14
[28-Jul-2018 15:06:14 Asia/Taipei] PHP Notice:  Undefined index: inputBirth in D:\TWAMP\htdocs\final\modify.php on line 15
[28-Jul-2018 15:06:14 Asia/Taipei] PHP Notice:  Undefined index: inputSex in D:\TWAMP\htdocs\final\modify.php on line 16
[28-Jul-2018 15:06:14 Asia/Taipei] PHP Notice:  Undefined variable: conn in D:\TWAMP\htdocs\final\modify.php on line 18
[28-Jul-2018 15:06:14 Asia/Taipei] PHP Warning:  mysqli_query() expects parameter 1 to be mysqli, null given in D:\TWAMP\htdocs\final\modify.php on line 18
[28-Jul-2018 15:06:14 Asia/Taipei] PHP Warning:  mysqli_num_rows() expects parameter 1 to be mysqli_result, null given in D:\TWAMP\htdocs\final\modify.php on line 19
[28-Jul-2018 15:06:14 Asia/Taipei] PHP Notice:  Undefined variable: conn in D:\TWAMP\htdocs\final\modify.php on line 21
[28-Jul-2018 15:06:14 Asia/Taipei] PHP Warning:  mysqli_query() expects parameter 1 to be mysqli, null given in D:\TWAMP\htdocs\final\modify.php on line 21
[28-Jul-2018 15:07:00 Asia/Taipei] PHP Notice:  Undefined index: inputName in D:\TWAMP\htdocs\final\modify.php on line 12
[28-Jul-2018 15:07:00 Asia/Taipei] PHP Notice:  Undefined index: inputEmail in D:\TWAMP\htdocs\final\modify.php on line 13
[28-Jul-2018 15:07:00 Asia/Taipei] PHP Notice:  Undefined index: inputPassword in D:\TWAMP\htdocs\final\modify.php on line 14
[28-Jul-2018 15:07:00 Asia/Taipei] PHP Notice:  Undefined index: inputBirth in D:\TWAMP\htdocs\final\modify.php on line 15
[28-Jul-2018 15:07:00 Asia/Taipei] PHP Notice:  Undefined index: inputSex in D:\TWAMP\htdocs\final\modify.php on line 16
[28-Jul-2018 15:07:00 Asia/Taipei] PHP Notice:  Undefined variable: conn in D:\TWAMP\htdocs\final\modify.php on line 18
[28-Jul-2018 15:07:00 Asia/Taipei] PHP Warning:  mysqli_query() expects parameter 1 to be mysqli, null given in D:\TWAMP\htdocs\final\modify.php on line 18
[28-Jul-2018 15:07:00 Asia/Taipei] PHP Warning:  mysqli_num_rows() expects parameter 1 to be mysqli_result, null given in D:\TWAMP\htdocs\final\modify.php on line 19
[28-Jul-2018 15:07:00 Asia/Taipei] PHP Notice:  Undefined variable: conn in D:\TWAMP\htdocs\final\modify.php on line 21
[28-Jul-2018 15:07:00 Asia/Taipei] PHP Warning:  mysqli_query() expects parameter 1 to be mysqli, null given in D:\TWAMP\htdocs\final\modify.php on line 21
